This is pdfTeX, Version 3.14159265-2.6-1.40.16 (TeX Live 2015/Debian) (preloaded format=pdflatex 2016.12.2)  25 APR 2017 15:21
entering extended mode
 restricted \write18 enabled.
 %&-line parsing enabled.
**report
(./report.tex
LaTeX2e <2016/02/01>
Babel <3.9q> and hyphenation patterns for 4 language(s) loaded.
(/usr/share/texlive/texmf-dist/tex/latex/base/article.cls
Document Class: article 2014/09/29 v1.4h Standard LaTeX document class
(/usr/share/texlive/texmf-dist/tex/latex/base/size10.clo
File: size10.clo 2014/09/29 v1.4h Standard LaTeX file (size option)
)
\c@part=\count79
\c@section=\count80
\c@subsection=\count81
\c@subsubsection=\count82
\c@paragraph=\count83
\c@subparagraph=\count84
\c@figure=\count85
\c@table=\count86
\abovecaptionskip=\skip41
\belowcaptionskip=\skip42
\bibindent=\dimen102
)
(/usr/share/texlive/texmf-dist/tex/latex/graphics/graphicx.sty
Package: graphicx 2014/10/28 v1.0g Enhanced LaTeX Graphics (DPC,SPQR)

(/usr/share/texlive/texmf-dist/tex/latex/graphics/keyval.sty
Package: keyval 2014/10/28 v1.15 key=value parser (DPC)
\KV@toks@=\toks14
)
(/usr/share/texlive/texmf-dist/tex/latex/graphics/graphics.sty
Package: graphics 2016/01/03 v1.0q Standard LaTeX Graphics (DPC,SPQR)

(/usr/share/texlive/texmf-dist/tex/latex/graphics/trig.sty
Package: trig 2016/01/03 v1.10 sin cos tan (DPC)
)
(/usr/share/texlive/texmf-dist/tex/latex/latexconfig/graphics.cfg
File: graphics.cfg 2010/04/23 v1.9 graphics configuration of TeX Live
)
Package graphics Info: Driver file: pdftex.def on input line 95.

(/usr/share/texlive/texmf-dist/tex/latex/pdftex-def/pdftex.def
File: pdftex.def 2011/05/27 v0.06d Graphics/color for pdfTeX

(/usr/share/texlive/texmf-dist/tex/generic/oberdiek/infwarerr.sty
Package: infwarerr 2010/04/08 v1.3 Providing info/warning/error messages (HO)
)
(/usr/share/texlive/texmf-dist/tex/generic/oberdiek/ltxcmds.sty
Package: ltxcmds 2011/11/09 v1.22 LaTeX kernel commands for general use (HO)
)
\Gread@gobject=\count87
))
\Gin@req@height=\dimen103
\Gin@req@width=\dimen104
)
(/usr/share/texlive/texmf-dist/tex/latex/float/float.sty
Package: float 2001/11/08 v1.3d Float enhancements (AL)
\c@float@type=\count88
\float@exts=\toks15
\float@box=\box26
\@float@everytoks=\toks16
\@floatcapt=\box27
)
(/usr/share/texlive/texmf-dist/tex/latex/cite/cite.sty
LaTeX Info: Redefining \cite on input line 302.
LaTeX Info: Redefining \nocite on input line 332.
Package: cite 2015/02/27  v 5.5
)
(/usr/share/texlive/texmf-dist/tex/latex/url/url.sty
\Urlmuskip=\muskip10
Package: url 2013/09/16  ver 3.4  Verb mode for urls, etc.
)
(/usr/share/texlive/texmf-dist/tex/latex/caption/caption.sty
Package: caption 2016/02/21 v3.3-144 Customizing captions (AR)

(/usr/share/texlive/texmf-dist/tex/latex/caption/caption3.sty
Package: caption3 2016/02/04 v1.7-139 caption3 kernel (AR)
Package caption3 Info: TeX engine: e-TeX on input line 67.
\captionmargin=\dimen105
\captionmargin@=\dimen106
\captionwidth=\dimen107
\caption@tempdima=\dimen108
\caption@indent=\dimen109
\caption@parindent=\dimen110
\caption@hangindent=\dimen111
)
\c@ContinuedFloat=\count89
Package caption Info: float package is loaded.
)
(/usr/share/texlive/texmf-dist/tex/latex/caption/subcaption.sty
Package: subcaption 2016/02/20 v1.1-142 Sub-captions (AR)
\c@subfigure=\count90
\c@subtable=\count91
) (./report.aux

LaTeX Warning: Label `fig:basiccammod' multiply defined.


LaTeX Warning: Label `fig:basiccammod' multiply defined.


LaTeX Warning: Label `fig:octree' multiply defined.

)
\openout1 = `report.aux'.

LaTeX Font Info:    Checking defaults for OML/cmm/m/it on input line 10.
LaTeX Font Info:    ... okay on input line 10.
LaTeX Font Info:    Checking defaults for T1/cmr/m/n on input line 10.
LaTeX Font Info:    ... okay on input line 10.
LaTeX Font Info:    Checking defaults for OT1/cmr/m/n on input line 10.
LaTeX Font Info:    ... okay on input line 10.
LaTeX Font Info:    Checking defaults for OMS/cmsy/m/n on input line 10.
LaTeX Font Info:    ... okay on input line 10.
LaTeX Font Info:    Checking defaults for OMX/cmex/m/n on input line 10.
LaTeX Font Info:    ... okay on input line 10.
LaTeX Font Info:    Checking defaults for U/cmr/m/n on input line 10.
LaTeX Font Info:    ... okay on input line 10.
 (/usr/share/texlive/texmf-dist/tex/context/base/supp-pdf.mkii
[Loading MPS to PDF converter (version 2006.09.02).]
\scratchcounter=\count92
\scratchdimen=\dimen112
\scratchbox=\box28
\nofMPsegments=\count93
\nofMParguments=\count94
\everyMPshowfont=\toks17
\MPscratchCnt=\count95
\MPscratchDim=\dimen113
\MPnumerator=\count96
\makeMPintoPDFobject=\count97
\everyMPtoPDFconversion=\toks18
) (/usr/share/texlive/texmf-dist/tex/generic/oberdiek/pdftexcmds.sty
Package: pdftexcmds 2011/11/29 v0.20 Utility functions of pdfTeX for LuaTeX (HO
)

(/usr/share/texlive/texmf-dist/tex/generic/oberdiek/ifluatex.sty
Package: ifluatex 2010/03/01 v1.3 Provides the ifluatex switch (HO)
Package ifluatex Info: LuaTeX not detected.
)
(/usr/share/texlive/texmf-dist/tex/generic/oberdiek/ifpdf.sty
Package: ifpdf 2011/01/30 v2.3 Provides the ifpdf switch (HO)
Package ifpdf Info: pdfTeX in PDF mode is detected.
)
Package pdftexcmds Info: LuaTeX not detected.
Package pdftexcmds Info: \pdf@primitive is available.
Package pdftexcmds Info: \pdf@ifprimitive is available.
Package pdftexcmds Info: \pdfdraftmode found.
)
(/usr/share/texlive/texmf-dist/tex/latex/oberdiek/epstopdf-base.sty
Package: epstopdf-base 2010/02/09 v2.5 Base part for package epstopdf

(/usr/share/texlive/texmf-dist/tex/latex/oberdiek/grfext.sty
Package: grfext 2010/08/19 v1.1 Manage graphics extensions (HO)

(/usr/share/texlive/texmf-dist/tex/generic/oberdiek/kvdefinekeys.sty
Package: kvdefinekeys 2011/04/07 v1.3 Define keys (HO)
))
(/usr/share/texlive/texmf-dist/tex/latex/oberdiek/kvoptions.sty
Package: kvoptions 2011/06/30 v3.11 Key value format for package options (HO)

(/usr/share/texlive/texmf-dist/tex/generic/oberdiek/kvsetkeys.sty
Package: kvsetkeys 2012/04/25 v1.16 Key value parser (HO)

(/usr/share/texlive/texmf-dist/tex/generic/oberdiek/etexcmds.sty
Package: etexcmds 2011/02/16 v1.5 Avoid name clashes with e-TeX commands (HO)
Package etexcmds Info: Could not find \expanded.
(etexcmds)             That can mean that you are not using pdfTeX 1.50 or
(etexcmds)             that some package has redefined \expanded.
(etexcmds)             In the latter case, load this package earlier.
)))
Package grfext Info: Graphics extension search list:
(grfext)             [.png,.pdf,.jpg,.mps,.jpeg,.jbig2,.jb2,.PNG,.PDF,.JPG,.JPE
G,.JBIG2,.JB2,.eps]
(grfext)             \AppendGraphicsExtensions on input line 452.

(/usr/share/texlive/texmf-dist/tex/latex/latexconfig/epstopdf-sys.cfg
File: epstopdf-sys.cfg 2010/07/13 v1.3 Configuration of (r)epstopdf for TeX Liv
e
))
Package caption Info: Begin \AtBeginDocument code.
Package caption Info: End \AtBeginDocument code.

Underfull \hbox (badness 10000) in paragraph at lines 14--21

 []


Underfull \hbox (badness 10000) in paragraph at lines 22--27

 []


Underfull \hbox (badness 10000) in paragraph at lines 28--33

 []

<Images/antialiasOff.png, id=1, 64.24pt x 64.24pt>
File: Images/antialiasOff.png Graphic file (type png)

<use Images/antialiasOff.png>
Package pdftex.def Info: Images/antialiasOff.png used on input line 36.
(pdftex.def)             Requested size: 150.56305pt x 150.57584pt.

<Images/antialiasOn.png, id=2, 64.24pt x 64.24pt>
File: Images/antialiasOn.png Graphic file (type png)
 <use Images/antialiasOn.png>
Package pdftex.def Info: Images/antialiasOn.png used on input line 37.
(pdftex.def)             Requested size: 150.56305pt x 150.57584pt.

[1

{/var/lib/texmf/fonts/map/pdftex/updmap/pdftex.map} <./Images/antialiasOff.png>
 <./Images/antialiasOn.png>]
<Images/triangle.png, id=12, 513.92pt x 513.92pt>
File: Images/triangle.png Graphic file (type png)
 <use Images/triangle.png>
Package pdftex.def Info: Images/triangle.png used on input line 56.
(pdftex.def)             Requested size: 150.56305pt x 150.56212pt.
LaTeX Font Info:    External font `cmex10' loaded for size
(Font)              <7> on input line 67.
LaTeX Font Info:    External font `cmex10' loaded for size
(Font)              <5> on input line 67.


LaTeX Warning: Citation `quadratic' on page 2 undefined on input line 73.

<Images/quadCylinder.png, id=13, 513.92pt x 513.92pt>
File: Images/quadCylinder.png Graphic file (type png)

<use Images/quadCylinder.png>
Package pdftex.def Info: Images/quadCylinder.png used on input line 89.
(pdftex.def)             Requested size: 100.37537pt x 100.37474pt.

<Images/quadParaboid.png, id=14, 513.92pt x 513.92pt>
File: Images/quadParaboid.png Graphic file (type png)

<use Images/quadParaboid.png>
Package pdftex.def Info: Images/quadParaboid.png used on input line 94.
(pdftex.def)             Requested size: 100.37537pt x 100.37474pt.

<Images/quadSphere.png, id=15, 513.92pt x 513.92pt>
File: Images/quadSphere.png Graphic file (type png)

<use Images/quadSphere.png>
Package pdftex.def Info: Images/quadSphere.png used on input line 99.
(pdftex.def)             Requested size: 100.37537pt x 100.37474pt.
 [2 <./Images/triangle.png>]
<Images/pointLight.png, id=23, 513.92pt x 513.92pt>
File: Images/pointLight.png Graphic file (type png)

<use Images/pointLight.png>
Package pdftex.def Info: Images/pointLight.png used on input line 120.
(pdftex.def)             Requested size: 150.56305pt x 150.56212pt.
 [3 <./Images/quadCylinder.png> <./Images/quadParaboid.png> <./Images/quadSpher
e.png> <./Images/pointLight.png>]
<Images/reflectionsOn.png, id=29, 1027.84pt x 1027.84pt>
File: Images/reflectionsOn.png Graphic file (type png)

<use Images/reflectionsOn.png>
Package pdftex.def Info: Images/reflectionsOn.png used on input line 142.
(pdftex.def)             Requested size: 150.56305pt x 150.56212pt.

<Images/reflectionsOff.png, id=30, 1027.84pt x 1027.84pt>
File: Images/reflectionsOff.png Graphic file (type png)

<use Images/reflectionsOff.png>
Package pdftex.def Info: Images/reflectionsOff.png used on input line 147.
(pdftex.def)             Requested size: 150.56305pt x 150.56212pt.

<Images/gridSphere.png, id=31, 256.96pt x 256.96pt>
File: Images/gridSphere.png Graphic file (type png)

<use Images/gridSphere.png>
Package pdftex.def Info: Images/gridSphere.png used on input line 157.
(pdftex.def)             Requested size: 150.56305pt x 150.56604pt.
 [4 <./Images/reflectionsOn.png> <./Images/reflectionsOff.png> <./Images/gridSp
here.png>]
<Images/shadows.png, id=35, 513.92pt x 513.92pt>
File: Images/shadows.png Graphic file (type png)
 <use Images/shadows.png>
Package pdftex.def Info: Images/shadows.png used on input line 173.
(pdftex.def)             Requested size: 150.56305pt x 150.56212pt.

Underfull \hbox (badness 10000) in paragraph at lines 181--188

 []

<Images/transparent.png, id=36, 256.96pt x 256.96pt>
File: Images/transparent.png Graphic file (type png)

<use Images/transparent.png>
Package pdftex.def Info: Images/transparent.png used on input line 198.
(pdftex.def)             Requested size: 150.56305pt x 150.56604pt.
 [5 <./Images/shadows.png>]
Underfull \hbox (badness 10000) in paragraph at lines 206--215

 []


Underfull \hbox (badness 10000) in paragraph at lines 216--225

 []

<Images/octreeTest.png, id=40, 256.96pt x 256.96pt>
File: Images/octreeTest.png Graphic file (type png)

<use Images/octreeTest.png>
Package pdftex.def Info: Images/octreeTest.png used on input line 232.
(pdftex.def)             Requested size: 150.56305pt x 150.56604pt.
 [6 <./Images/transparent.png>] (./report.bbl
Underfull \hbox (badness 10000) in paragraph at lines 4--8
\OT1/cmtt/m/n/10 lessons / 3d-[]basic-[]rendering / ray-[]tracing-[]rendering-[
]a-[]triangle /
 []

) [7 <./Images/octreeTest.png>] (./report.aux)

LaTeX Warning: There were undefined references.


LaTeX Warning: There were multiply-defined labels.

 ) 
Here is how much of TeX's memory you used:
 2883 strings out of 494942
 45578 string characters out of 6180501
 100817 words of memory out of 5000000
 6152 multiletter control sequences out of 15000+600000
 5020 words of font info for 19 fonts, out of 8000000 for 9000
 14 hyphenation exceptions out of 8191
 38i,7n,39p,232b,445s stack positions out of 5000i,500n,10000p,200000b,80000s
</usr/share/texlive/texmf-dist/fonts/type1/public/amsfonts/cm/cmbx10.pfb></us
r/share/texlive/texmf-dist/fonts/type1/public/amsfonts/cm/cmbx12.pfb></usr/shar
e/texlive/texmf-dist/fonts/type1/public/amsfonts/cm/cmmi10.pfb></usr/share/texl
ive/texmf-dist/fonts/type1/public/amsfonts/cm/cmr10.pfb></usr/share/texlive/tex
mf-dist/fonts/type1/public/amsfonts/cm/cmr7.pfb></usr/share/texlive/texmf-dist/
fonts/type1/public/amsfonts/cm/cmr9.pfb></usr/share/texlive/texmf-dist/fonts/ty
pe1/public/amsfonts/cm/cmtt10.pfb>
Output written on report.pdf (7 pages, 407298 bytes).
PDF statistics:
 73 PDF objects out of 1000 (max. 8388607)
 39 compressed objects within 1 object stream
 0 named destinations out of 1000 (max. 500000)
 66 words of extra memory for PDF output out of 10000 (max. 10000000)

